2019-10-11 10:33:59,646 - [logs/KPI_interface.log:16]=> logs/KPI_interface.log
2019-10-11 10:47:43,029 - [logs/KPI_interface.log:16]=> logs/KPI_interface.log
2019-10-11 10:53:08,317 - [logs/KPI_interface.log:16]=> logs/KPI_interface.log
2019-10-11 10:54:32,218 - [logs/KPI_interface.log:16]=> logs/KPI_interface.log
2019-10-11 10:58:18,081 - [logs/KPI_interface.log:16]=> logs/KPI_interface.log
2019-10-11 10:58:35,750 - [logs/KPI_interface.log:16]=> logs/KPI_interface.log
2019-10-11 10:58:56,920 - [logs/KPI_interface.log:16]=> logs/KPI_interface.log
2019-10-11 11:01:11,749 - [logs/KPI_interface.log:16]=> logs/KPI_interface.log
2019-10-11 11:08:02,532 - [logs/KPI_interface.log:16]=> logs/KPI_interface.log
2019-10-11 11:15:00,298 - [logs/KPI_interface.log:16]=> logs/KPI_interface.log
2019-10-11 11:15:35,108 - [logs/KPI_interface.log:16]=> logs/KPI_interface.log
2019-10-11 11:16:49,097 - [logs/KPI_interface.log:16]=> logs/KPI_interface.log
2019-10-11 11:17:12,701 - [logs/KPI_interface.log:16]=> logs/KPI_interface.log
2019-10-11 11:17:44,310 - [logs/KPI_interface.log:16]=> logs/KPI_interface.log
2019-10-11 11:18:18,764 - [logs/KPI_interface.log:16]=> logs/KPI_interface.log
2019-10-11 11:18:22,545 - [logs/KPI_interface.log:139]=> load df
Traceback (most recent call last):
  File "/home/andre/Dropbox/workspace/amdattds/analytics/scripts/utils/interfaces/KPI_interface.py", line 130, in load_df
    df = self.ch.load_data(self.table, temp_cols, start_date, end_date,timestamp_col,supplemental_where)
TypeError: load_data() takes 5 positional arguments but 7 were given
2019-10-11 11:18:22,549 - [logs/KPI_interface.log:139]=> load df
Traceback (most recent call last):
  File "/home/andre/Dropbox/workspace/amdattds/analytics/scripts/utils/interfaces/KPI_interface.py", line 130, in load_df
    df = self.ch.load_data(self.table, temp_cols, start_date, end_date,timestamp_col,supplemental_where)
TypeError: load_data() takes 5 positional arguments but 7 were given
2019-10-11 11:21:39,382 - [logs/KPI_interface.log:16]=> logs/KPI_interface.log
2019-10-11 11:21:42,898 - [logs/KPI_interface.log:139]=> load df
Traceback (most recent call last):
  File "/home/andre/Dropbox/workspace/amdattds/analytics/scripts/utils/interfaces/KPI_interface.py", line 134, in load_df
    return df[cols]
TypeError: 'NoneType' object is not subscriptable
2019-10-11 11:21:42,904 - [logs/KPI_interface.log:139]=> load df
Traceback (most recent call last):
  File "/home/andre/Dropbox/workspace/amdattds/analytics/scripts/utils/interfaces/KPI_interface.py", line 134, in load_df
    return df[cols]
TypeError: 'NoneType' object is not subscriptable
2019-10-11 11:24:52,572 - [logs/KPI_interface.log:16]=> logs/KPI_interface.log
2019-10-11 11:24:57,033 - [logs/KPI_interface.log:203]=> LINE 218: timestdamp:2019-10-10 11:24:52.573369
2019-10-11 11:26:06,559 - [logs/KPI_interface.log:16]=> logs/KPI_interface.log
2019-10-11 11:26:10,655 - [logs/KPI_interface.log:203]=> LINE 218: timestdamp:2019-10-10 11:26:06.560226
2019-10-11 11:26:10,742 - [logs/KPI_interface.log:203]=> LINE 218: timestdamp:2019-10-10 11:26:06.560226
2019-10-11 11:26:10,817 - [logs/KPI_interface.log:203]=> LINE 218: timestdamp:2019-10-10 11:26:06.560226
2019-10-11 11:26:10,893 - [logs/KPI_interface.log:203]=> LINE 218: timestdamp:2019-10-10 11:26:06.560226
2019-10-11 11:56:30,928 - [logs/KPI_interface.log:16]=> logs/KPI_interface.log
2019-10-11 11:56:35,035 - [logs/KPI_interface.log:203]=> LINE 218: timestdamp:2019-10-10 11:56:30.929228
2019-10-11 11:56:35,123 - [logs/KPI_interface.log:203]=> LINE 218: timestdamp:2019-10-10 11:56:30.929228
2019-10-11 11:56:35,197 - [logs/KPI_interface.log:203]=> LINE 218: timestdamp:2019-10-10 11:56:30.929228
2019-10-11 11:56:35,274 - [logs/KPI_interface.log:203]=> LINE 218: timestdamp:2019-10-10 11:56:30.929228
2019-10-11 11:59:14,153 - [logs/KPI_interface.log:16]=> logs/KPI_interface.log
2019-10-11 11:59:19,173 - [logs/KPI_interface.log:203]=> LINE 218: timestdamp:2019-10-10 11:59:14.154449
2019-10-11 11:59:19,262 - [logs/KPI_interface.log:203]=> LINE 218: timestdamp:2019-10-10 11:59:14.154449
2019-10-11 11:59:19,336 - [logs/KPI_interface.log:203]=> LINE 218: timestdamp:2019-10-10 11:59:14.154449
2019-10-11 11:59:19,412 - [logs/KPI_interface.log:203]=> LINE 218: timestdamp:2019-10-10 11:59:14.154449
2019-10-11 12:01:33,686 - [logs/KPI_interface.log:16]=> logs/KPI_interface.log
2019-10-11 12:01:51,606 - [logs/KPI_interface.log:16]=> logs/KPI_interface.log
2019-10-11 12:02:38,019 - [logs/KPI_interface.log:16]=> logs/KPI_interface.log
2019-10-11 12:02:43,009 - [logs/KPI_interface.log:203]=> LINE 203: timestdamp:2019-10-10 12:02:38.019867
2019-10-11 12:02:43,095 - [logs/KPI_interface.log:203]=> LINE 203: timestdamp:2019-10-10 12:02:38.019867
2019-10-11 12:02:43,169 - [logs/KPI_interface.log:203]=> LINE 203: timestdamp:2019-10-10 12:02:38.019867
2019-10-11 12:02:43,244 - [logs/KPI_interface.log:203]=> LINE 203: timestdamp:2019-10-10 12:02:38.019867
2019-10-11 12:07:04,435 - [logs/KPI_interface.log:16]=> logs/KPI_interface.log
2019-10-11 12:15:29,579 - [logs/KPI_interface.log:16]=> logs/KPI_interface.log
2019-10-11 12:17:21,487 - [logs/KPI_interface.log:203]=> LINE 203: timestdamp:2019-10-10 12:15:29.580201
2019-10-11 12:17:21,574 - [logs/KPI_interface.log:203]=> LINE 203: timestdamp:2019-10-10 12:15:29.580201
2019-10-11 12:17:21,648 - [logs/KPI_interface.log:203]=> LINE 203: timestdamp:2019-10-10 12:15:29.580201
2019-10-11 12:17:21,723 - [logs/KPI_interface.log:203]=> LINE 203: timestdamp:2019-10-10 12:15:29.580201
2019-10-11 12:21:16,014 - [logs/KPI_interface.log:16]=> logs/KPI_interface.log
2019-10-11 12:21:20,565 - [logs/KPI_interface.log:203]=> LINE 203: timestdamp:2019-10-10 12:21:16.014915
2019-10-11 12:21:20,653 - [logs/KPI_interface.log:203]=> LINE 203: timestdamp:2019-10-10 12:21:16.014915
2019-10-11 12:21:20,727 - [logs/KPI_interface.log:203]=> LINE 203: timestdamp:2019-10-10 12:21:16.014915
2019-10-11 12:21:20,803 - [logs/KPI_interface.log:203]=> LINE 203: timestdamp:2019-10-10 12:21:16.014915
2019-10-11 12:23:38,255 - [logs/KPI_interface.log:16]=> logs/KPI_interface.log
2019-10-11 12:23:42,290 - [logs/KPI_interface.log:203]=> LINE 203: timestdamp:2019-10-10 12:23:38.256271
2019-10-11 12:23:42,378 - [logs/KPI_interface.log:203]=> LINE 203: timestdamp:2019-10-10 12:23:38.256271
2019-10-11 12:23:42,455 - [logs/KPI_interface.log:203]=> LINE 203: timestdamp:2019-10-10 12:23:38.256271
2019-10-11 12:23:42,534 - [logs/KPI_interface.log:203]=> LINE 203: timestdamp:2019-10-10 12:23:38.256271
2019-10-11 12:25:07,212 - [logs/KPI_interface.log:16]=> logs/KPI_interface.log
2019-10-11 12:25:10,974 - [logs/KPI_interface.log:203]=> LINE 203: timestdamp:2019-10-10 12:25:07.213298
2019-10-11 12:25:11,065 - [logs/KPI_interface.log:203]=> LINE 203: timestdamp:2019-10-10 12:25:07.213298
2019-10-11 12:25:11,139 - [logs/KPI_interface.log:203]=> LINE 203: timestdamp:2019-10-10 12:25:07.213298
2019-10-11 12:25:11,213 - [logs/KPI_interface.log:203]=> LINE 203: timestdamp:2019-10-10 12:25:07.213298
2019-10-11 12:26:31,318 - [logs/KPI_interface.log:16]=> logs/KPI_interface.log
2019-10-11 12:26:35,752 - [logs/KPI_interface.log:203]=> LINE 203: timestdamp:2019-10-10 12:26:31.318729
2019-10-11 12:26:35,845 - [logs/KPI_interface.log:203]=> LINE 203: timestdamp:2019-10-10 12:26:31.318729
2019-10-11 12:26:35,922 - [logs/KPI_interface.log:203]=> LINE 203: timestdamp:2019-10-10 12:26:31.318729
2019-10-11 12:26:35,997 - [logs/KPI_interface.log:203]=> LINE 203: timestdamp:2019-10-10 12:26:31.318729
2019-10-11 12:27:26,657 - [logs/KPI_interface.log:16]=> logs/KPI_interface.log
2019-10-11 12:27:31,089 - [logs/KPI_interface.log:203]=> LINE 203: timestdamp:2019-10-10 12:27:26.657967
2019-10-11 12:27:31,174 - [logs/KPI_interface.log:203]=> LINE 203: timestdamp:2019-10-10 12:27:26.657967
2019-10-11 12:27:31,247 - [logs/KPI_interface.log:203]=> LINE 203: timestdamp:2019-10-10 12:27:26.657967
2019-10-11 12:27:31,321 - [logs/KPI_interface.log:203]=> LINE 203: timestdamp:2019-10-10 12:27:26.657967
2019-10-11 12:31:14,171 - [logs/KPI_interface.log:16]=> logs/KPI_interface.log
2019-10-11 12:31:17,938 - [logs/KPI_interface.log:203]=> LINE 203: timestdamp:2019-10-10 12:31:14.171785
2019-10-11 12:31:18,025 - [logs/KPI_interface.log:203]=> LINE 203: timestdamp:2019-10-10 12:31:14.171785
2019-10-11 12:31:18,099 - [logs/KPI_interface.log:203]=> LINE 203: timestdamp:2019-10-10 12:31:14.171785
2019-10-11 12:31:18,172 - [logs/KPI_interface.log:203]=> LINE 203: timestdamp:2019-10-10 12:31:14.171785
2019-10-11 12:33:10,089 - [logs/KPI_interface.log:16]=> logs/KPI_interface.log
2019-10-11 12:33:14,004 - [logs/KPI_interface.log:203]=> LINE 203: timestdamp:2019-10-10 12:33:10.089748
2019-10-11 12:33:14,096 - [logs/KPI_interface.log:203]=> LINE 203: timestdamp:2019-10-10 12:33:10.089748
2019-10-11 12:33:14,174 - [logs/KPI_interface.log:203]=> LINE 203: timestdamp:2019-10-10 12:33:10.089748
2019-10-11 12:33:14,253 - [logs/KPI_interface.log:203]=> LINE 203: timestdamp:2019-10-10 12:33:10.089748
2019-10-11 12:39:55,558 - [logs/KPI_interface.log:16]=> logs/KPI_interface.log
2019-10-11 12:40:00,222 - [logs/KPI_interface.log:203]=> LINE 203: timestdamp:2019-10-10 12:39:55.559240
2019-10-11 12:40:00,318 - [logs/KPI_interface.log:203]=> LINE 203: timestdamp:2019-10-10 12:39:55.559240
2019-10-11 12:40:00,398 - [logs/KPI_interface.log:203]=> LINE 203: timestdamp:2019-10-10 12:39:55.559240
2019-10-11 12:40:00,477 - [logs/KPI_interface.log:203]=> LINE 203: timestdamp:2019-10-10 12:39:55.559240
2019-10-11 12:40:24,262 - [logs/KPI_interface.log:16]=> logs/KPI_interface.log
2019-10-11 12:40:28,454 - [logs/KPI_interface.log:203]=> LINE 203: timestdamp:2019-10-10 12:40:24.262800
2019-10-11 12:40:28,540 - [logs/KPI_interface.log:203]=> LINE 203: timestdamp:2019-10-10 12:40:24.262800
2019-10-11 12:40:28,614 - [logs/KPI_interface.log:203]=> LINE 203: timestdamp:2019-10-10 12:40:24.262800
2019-10-11 12:40:28,687 - [logs/KPI_interface.log:203]=> LINE 203: timestdamp:2019-10-10 12:40:24.262800
2019-10-11 12:42:59,959 - [logs/KPI_interface.log:16]=> logs/KPI_interface.log
2019-10-11 12:43:04,455 - [logs/KPI_interface.log:203]=> LINE 203: timestdamp:2019-10-10 12:42:59.960474
2019-10-11 12:43:04,541 - [logs/KPI_interface.log:203]=> LINE 203: timestdamp:2019-10-10 12:42:59.960474
2019-10-11 12:43:04,616 - [logs/KPI_interface.log:203]=> LINE 203: timestdamp:2019-10-10 12:42:59.960474
2019-10-11 12:43:04,691 - [logs/KPI_interface.log:203]=> LINE 203: timestdamp:2019-10-10 12:42:59.960474
2019-10-11 12:44:10,872 - [logs/KPI_interface.log:16]=> logs/KPI_interface.log
2019-10-11 12:44:16,492 - [logs/KPI_interface.log:203]=> LINE 203: timestdamp:2019-10-10 12:44:10.872953
2019-10-11 12:44:16,580 - [logs/KPI_interface.log:203]=> LINE 203: timestdamp:2019-10-10 12:44:10.872953
2019-10-11 12:44:16,663 - [logs/KPI_interface.log:203]=> LINE 203: timestdamp:2019-10-10 12:44:10.872953
2019-10-11 12:44:16,737 - [logs/KPI_interface.log:203]=> LINE 203: timestdamp:2019-10-10 12:44:10.872953
2019-10-11 12:45:21,348 - [logs/KPI_interface.log:16]=> logs/KPI_interface.log
2019-10-11 12:45:25,855 - [logs/KPI_interface.log:203]=> LINE 203: timestdamp:2019-10-10 12:45:21.349092
2019-10-11 12:45:25,941 - [logs/KPI_interface.log:203]=> LINE 203: timestdamp:2019-10-10 12:45:21.349092
2019-10-11 12:45:26,014 - [logs/KPI_interface.log:203]=> LINE 203: timestdamp:2019-10-10 12:45:21.349092
2019-10-11 12:45:26,090 - [logs/KPI_interface.log:203]=> LINE 203: timestdamp:2019-10-10 12:45:21.349092
2019-10-11 12:53:20,895 - [logs/KPI_interface.log:16]=> logs/KPI_interface.log
2019-10-11 12:53:26,302 - [logs/KPI_interface.log:203]=> LINE 203: timestdamp:2019-10-10 12:53:20.896156
2019-10-11 12:53:26,389 - [logs/KPI_interface.log:203]=> LINE 203: timestdamp:2019-10-10 12:53:20.896156
2019-10-11 12:53:26,463 - [logs/KPI_interface.log:203]=> LINE 203: timestdamp:2019-10-10 12:53:20.896156
2019-10-11 12:53:26,538 - [logs/KPI_interface.log:203]=> LINE 203: timestdamp:2019-10-10 12:53:20.896156
2019-10-11 12:56:27,006 - [logs/KPI_interface.log:16]=> logs/KPI_interface.log
2019-10-11 12:56:31,028 - [logs/KPI_interface.log:203]=> LINE 203: timestdamp:2019-10-10 12:56:27.007561
2019-10-11 12:56:31,115 - [logs/KPI_interface.log:203]=> LINE 203: timestdamp:2019-10-10 12:56:27.007561
2019-10-11 12:56:31,190 - [logs/KPI_interface.log:203]=> LINE 203: timestdamp:2019-10-10 12:56:27.007561
2019-10-11 12:56:31,263 - [logs/KPI_interface.log:203]=> LINE 203: timestdamp:2019-10-10 12:56:27.007561
2019-10-11 12:57:05,251 - [logs/KPI_interface.log:16]=> logs/KPI_interface.log
2019-10-11 12:57:13,323 - [logs/KPI_interface.log:203]=> LINE 203: timestdamp:2019-10-10 12:57:05.252616
2019-10-11 12:57:13,410 - [logs/KPI_interface.log:203]=> LINE 203: timestdamp:2019-10-10 12:57:05.252616
2019-10-11 12:57:13,487 - [logs/KPI_interface.log:203]=> LINE 203: timestdamp:2019-10-10 12:57:05.252616
2019-10-11 12:57:13,561 - [logs/KPI_interface.log:203]=> LINE 203: timestdamp:2019-10-10 12:57:05.252616
2019-10-11 13:00:29,633 - [logs/KPI_interface.log:16]=> logs/KPI_interface.log
2019-10-11 13:00:47,163 - [logs/KPI_interface.log:16]=> logs/KPI_interface.log
2019-10-11 13:00:51,051 - [logs/KPI_interface.log:203]=> LINE 203: timestdamp:2019-10-10 13:00:47.163996
2019-10-11 13:00:51,138 - [logs/KPI_interface.log:203]=> LINE 203: timestdamp:2019-10-10 13:00:47.163996
2019-10-11 13:00:51,213 - [logs/KPI_interface.log:203]=> LINE 203: timestdamp:2019-10-10 13:00:47.163996
2019-10-11 13:00:51,288 - [logs/KPI_interface.log:203]=> LINE 203: timestdamp:2019-10-10 13:00:47.163996
2019-10-11 13:11:45,551 - [logs/KPI_interface.log:16]=> logs/KPI_interface.log
2019-10-11 13:12:39,316 - [logs/KPI_interface.log:16]=> logs/KPI_interface.log
2019-10-11 13:12:46,183 - [logs/KPI_interface.log:203]=> LINE 203: timestdamp:2019-10-10 13:12:39.317045
2019-10-11 13:12:46,269 - [logs/KPI_interface.log:203]=> LINE 203: timestdamp:2019-10-10 13:12:39.317045
2019-10-11 13:12:46,343 - [logs/KPI_interface.log:203]=> LINE 203: timestdamp:2019-10-10 13:12:39.317045
2019-10-11 13:12:46,418 - [logs/KPI_interface.log:203]=> LINE 203: timestdamp:2019-10-10 13:12:39.317045
2019-10-11 13:14:14,085 - [logs/KPI_interface.log:16]=> logs/KPI_interface.log
2019-10-11 13:14:19,465 - [logs/KPI_interface.log:203]=> LINE 203: timestdamp:2019-10-10 13:14:14.085655
2019-10-11 13:14:19,554 - [logs/KPI_interface.log:203]=> LINE 203: timestdamp:2019-10-10 13:14:14.085655
2019-10-11 13:14:19,630 - [logs/KPI_interface.log:203]=> LINE 203: timestdamp:2019-10-10 13:14:14.085655
2019-10-11 13:14:19,705 - [logs/KPI_interface.log:203]=> LINE 203: timestdamp:2019-10-10 13:14:14.085655
2019-10-11 13:15:39,795 - [logs/KPI_interface.log:16]=> logs/KPI_interface.log
2019-10-11 13:15:50,178 - [logs/KPI_interface.log:203]=> LINE 203: timestdamp:2019-10-10 13:15:39.796406
2019-10-11 13:15:50,266 - [logs/KPI_interface.log:203]=> LINE 203: timestdamp:2019-10-10 13:15:39.796406
2019-10-11 13:15:50,340 - [logs/KPI_interface.log:203]=> LINE 203: timestdamp:2019-10-10 13:15:39.796406
2019-10-11 13:15:50,415 - [logs/KPI_interface.log:203]=> LINE 203: timestdamp:2019-10-10 13:15:39.796406
2019-10-11 13:18:34,147 - [logs/KPI_interface.log:16]=> logs/KPI_interface.log
2019-10-11 13:18:39,785 - [logs/KPI_interface.log:203]=> LINE 203: timestdamp:2019-10-10 13:18:34.148582
2019-10-11 13:18:39,874 - [logs/KPI_interface.log:203]=> LINE 203: timestdamp:2019-10-10 13:18:34.148582
2019-10-11 13:18:39,952 - [logs/KPI_interface.log:203]=> LINE 203: timestdamp:2019-10-10 13:18:34.148582
2019-10-11 13:18:40,026 - [logs/KPI_interface.log:203]=> LINE 203: timestdamp:2019-10-10 13:18:34.148582
2019-10-11 13:20:06,524 - [logs/KPI_interface.log:16]=> logs/KPI_interface.log
2019-10-11 13:20:10,731 - [logs/KPI_interface.log:203]=> LINE 203: timestdamp:2019-10-10 13:20:06.525642
2019-10-11 13:20:10,818 - [logs/KPI_interface.log:203]=> LINE 203: timestdamp:2019-10-10 13:20:06.525642
2019-10-11 13:20:10,892 - [logs/KPI_interface.log:203]=> LINE 203: timestdamp:2019-10-10 13:20:06.525642
2019-10-11 13:20:10,966 - [logs/KPI_interface.log:203]=> LINE 203: timestdamp:2019-10-10 13:20:06.525642
2019-10-11 13:21:15,914 - [logs/KPI_interface.log:16]=> logs/KPI_interface.log
2019-10-11 13:21:20,043 - [logs/KPI_interface.log:203]=> LINE 203: timestdamp:2019-10-10 13:21:15.915526
2019-10-11 13:21:20,130 - [logs/KPI_interface.log:203]=> LINE 203: timestdamp:2019-10-10 13:21:15.915526
2019-10-11 13:21:20,205 - [logs/KPI_interface.log:203]=> LINE 203: timestdamp:2019-10-10 13:21:15.915526
2019-10-11 13:21:20,280 - [logs/KPI_interface.log:203]=> LINE 203: timestdamp:2019-10-10 13:21:15.915526
2019-10-11 13:26:36,454 - [logs/KPI_interface.log:16]=> logs/KPI_interface.log
2019-10-11 13:26:46,964 - [logs/KPI_interface.log:203]=> LINE 203: timestdamp:2019-10-10 13:26:36.455249
2019-10-11 13:26:47,051 - [logs/KPI_interface.log:203]=> LINE 203: timestdamp:2019-10-10 13:26:36.455249
2019-10-11 13:26:47,126 - [logs/KPI_interface.log:203]=> LINE 203: timestdamp:2019-10-10 13:26:36.455249
2019-10-11 13:26:47,202 - [logs/KPI_interface.log:203]=> LINE 203: timestdamp:2019-10-10 13:26:36.455249
2019-10-11 13:28:25,148 - [logs/KPI_interface.log:16]=> logs/KPI_interface.log
2019-10-11 13:28:30,334 - [logs/KPI_interface.log:203]=> LINE 203: timestdamp:2019-10-10 13:28:25.149098
2019-10-11 13:28:30,429 - [logs/KPI_interface.log:203]=> LINE 203: timestdamp:2019-10-10 13:28:25.149098
2019-10-11 13:28:30,513 - [logs/KPI_interface.log:203]=> LINE 203: timestdamp:2019-10-10 13:28:25.149098
2019-10-11 13:28:30,599 - [logs/KPI_interface.log:203]=> LINE 203: timestdamp:2019-10-10 13:28:25.149098
2019-10-11 13:31:17,633 - [logs/KPI_interface.log:16]=> logs/KPI_interface.log
2019-10-11 13:31:22,222 - [logs/KPI_interface.log:203]=> LINE 203: timestdamp:2019-10-10 13:31:17.634079
2019-10-11 13:31:22,308 - [logs/KPI_interface.log:203]=> LINE 203: timestdamp:2019-10-10 13:31:17.634079
2019-10-11 13:31:22,380 - [logs/KPI_interface.log:203]=> LINE 203: timestdamp:2019-10-10 13:31:17.634079
2019-10-11 13:31:22,453 - [logs/KPI_interface.log:203]=> LINE 203: timestdamp:2019-10-10 13:31:17.634079
2019-10-11 13:33:44,605 - [logs/KPI_interface.log:16]=> logs/KPI_interface.log
2019-10-11 13:33:49,407 - [logs/KPI_interface.log:203]=> LINE 203: timestdamp:2019-10-10 13:33:44.605915
2019-10-11 13:33:49,494 - [logs/KPI_interface.log:203]=> LINE 203: timestdamp:2019-10-10 13:33:44.605915
2019-10-11 13:33:49,567 - [logs/KPI_interface.log:203]=> LINE 203: timestdamp:2019-10-10 13:33:44.605915
2019-10-11 13:33:49,641 - [logs/KPI_interface.log:203]=> LINE 203: timestdamp:2019-10-10 13:33:44.605915
2019-10-11 13:35:22,817 - [logs/KPI_interface.log:16]=> logs/KPI_interface.log
2019-10-11 13:35:34,001 - [logs/KPI_interface.log:16]=> logs/KPI_interface.log
