2019-09-11 13:09:39,127 - [logs/main.log:16]=> logs/main.log
2019-09-11 13:09:39,128 - [logs/main.log:173]=> WEBSERVER LAUNCH:
Traceback (most recent call last):
  File "main.py", line 168, in launch_server
    session_ids='signed',relative_urls=False)
  File "/home/andre/anaconda3/envs/elections/lib/python3.7/site-packages/bokeh/server/server.py", line 386, in __init__
    sockets, self._port = bind_sockets(self.address, self.port)
  File "/home/andre/anaconda3/envs/elections/lib/python3.7/site-packages/bokeh/server/util.py", line 66, in bind_sockets
    ss = netutil.bind_sockets(port=port or 0, address=address)
  File "/home/andre/anaconda3/envs/elections/lib/python3.7/site-packages/tornado/netutil.py", line 174, in bind_sockets
    sock.bind(sockaddr)
OSError: [Errno 98] Address already in use
2019-09-11 13:10:46,565 - [logs/main.log:16]=> logs/main.log
2019-09-11 13:11:50,414 - [logs/main.log:16]=> logs/main.log
2019-09-11 13:15:05,377 - [logs/main.log:16]=> logs/main.log
2019-09-11 13:15:20,875 - [logs/main.log:16]=> logs/main.log
2019-09-11 13:15:45,224 - [logs/main.log:16]=> logs/main.log
2019-09-11 13:17:51,384 - [logs/main.log:16]=> logs/main.log
2019-09-11 13:18:35,497 - [logs/main.log:16]=> logs/main.log
2019-09-11 13:19:39,867 - [logs/main.log:16]=> logs/main.log
2019-09-11 13:20:32,776 - [logs/main.log:16]=> logs/main.log
2019-09-11 13:21:23,861 - [logs/main.log:16]=> logs/main.log
2019-09-11 13:21:54,258 - [logs/main.log:16]=> logs/main.log
2019-09-11 13:23:08,292 - [logs/main.log:16]=> logs/main.log
2019-09-11 13:23:34,745 - [logs/main.log:16]=> logs/main.log
2019-09-11 13:24:17,644 - [logs/main.log:16]=> logs/main.log
2019-09-11 13:24:32,480 - [logs/main.log:16]=> logs/main.log
2019-09-11 13:24:47,403 - [logs/main.log:16]=> logs/main.log
2019-09-11 13:25:16,350 - [logs/main.log:16]=> logs/main.log
2019-09-11 13:25:41,684 - [logs/main.log:16]=> logs/main.log
2019-09-11 13:26:02,383 - [logs/main.log:16]=> logs/main.log
2019-09-11 13:26:14,443 - [logs/main.log:16]=> logs/main.log
2019-09-11 13:26:41,041 - [logs/main.log:16]=> logs/main.log
2019-09-11 13:28:16,182 - [logs/main.log:16]=> logs/main.log
2019-09-11 13:28:28,856 - [logs/main.log:16]=> logs/main.log
2019-09-11 13:30:56,966 - [logs/main.log:16]=> logs/main.log
2019-09-11 13:31:39,456 - [logs/main.log:16]=> logs/main.log
2019-09-11 13:59:19,773 - [logs/main.log:16]=> logs/main.log
2019-09-11 13:59:56,100 - [logs/main.log:16]=> logs/main.log
2019-09-11 14:00:17,303 - [logs/main.log:16]=> logs/main.log
2019-09-11 14:00:40,984 - [logs/main.log:16]=> logs/main.log
2019-09-11 14:01:51,341 - [logs/main.log:16]=> logs/main.log
2019-09-11 14:02:09,739 - [logs/main.log:16]=> logs/main.log
2019-09-11 14:14:35,329 - [logs/main.log:16]=> logs/main.log
2019-09-11 14:15:43,851 - [logs/main.log:16]=> logs/main.log
2019-09-11 14:17:31,712 - [logs/main.log:16]=> logs/main.log
2019-09-11 14:18:51,291 - [logs/main.log:16]=> logs/main.log
2019-09-11 14:19:18,817 - [logs/main.log:16]=> logs/main.log
2019-09-11 14:20:36,945 - [logs/main.log:16]=> logs/main.log
2019-09-11 14:24:25,163 - [logs/main.log:16]=> logs/main.log
2019-09-11 14:25:18,013 - [logs/main.log:16]=> logs/main.log
2019-09-11 14:26:06,403 - [logs/main.log:16]=> logs/main.log
2019-09-11 14:26:12,797 - [logs/main.log:16]=> logs/main.log
2019-09-11 14:27:30,044 - [logs/main.log:16]=> logs/main.log
2019-09-11 14:30:55,921 - [logs/main.log:16]=> logs/main.log
2019-09-11 14:33:22,515 - [logs/main.log:16]=> logs/main.log
2019-09-11 14:33:50,194 - [logs/main.log:16]=> logs/main.log
2019-09-11 14:34:21,567 - [logs/main.log:16]=> logs/main.log
2019-09-11 14:34:27,772 - [logs/main.log:16]=> logs/main.log
2019-09-11 14:44:28,496 - [logs/main.log:16]=> logs/main.log
2019-09-11 14:44:50,698 - [logs/main.log:16]=> logs/main.log
2019-09-11 14:45:23,988 - [logs/main.log:16]=> logs/main.log
2019-09-11 14:48:14,437 - [logs/main.log:16]=> logs/main.log
2019-09-11 14:49:11,829 - [logs/main.log:16]=> logs/main.log
2019-09-11 14:50:45,063 - [logs/main.log:16]=> logs/main.log
2019-09-11 14:50:59,650 - [logs/main.log:16]=> logs/main.log
2019-09-11 14:52:03,070 - [logs/main.log:16]=> logs/main.log
2019-09-11 14:52:33,715 - [logs/main.log:16]=> logs/main.log
2019-09-11 14:53:12,750 - [logs/main.log:16]=> logs/main.log
2019-09-11 14:53:42,759 - [logs/main.log:16]=> logs/main.log
2019-09-11 14:55:59,865 - [logs/main.log:16]=> logs/main.log
2019-09-11 15:14:14,073 - [logs/main.log:16]=> logs/main.log
2019-09-11 15:17:19,345 - [logs/main.log:16]=> logs/main.log
2019-09-11 15:19:12,156 - [logs/main.log:16]=> logs/main.log
2019-09-11 15:20:01,360 - [logs/main.log:16]=> logs/main.log
2019-09-11 15:22:46,501 - [logs/main.log:16]=> logs/main.log
2019-09-11 15:26:34,987 - [logs/main.log:16]=> logs/main.log
2019-09-11 15:27:11,723 - [logs/main.log:16]=> logs/main.log
2019-09-11 15:27:40,712 - [logs/main.log:16]=> logs/main.log
2019-09-11 15:27:48,148 - [logs/main.log:16]=> logs/main.log
2019-09-11 15:29:01,133 - [logs/main.log:16]=> logs/main.log
2019-09-11 15:31:50,154 - [logs/main.log:16]=> logs/main.log
2019-09-11 15:32:21,108 - [logs/main.log:16]=> logs/main.log
2019-09-11 15:33:15,983 - [logs/main.log:16]=> logs/main.log
2019-09-11 15:35:24,748 - [logs/main.log:16]=> logs/main.log
2019-09-11 15:36:53,283 - [logs/main.log:16]=> logs/main.log
2019-09-11 15:38:12,490 - [logs/main.log:16]=> logs/main.log
2019-09-11 15:40:21,886 - [logs/main.log:16]=> logs/main.log
2019-09-11 15:41:44,772 - [logs/main.log:16]=> logs/main.log
2019-09-11 15:44:18,208 - [logs/main.log:16]=> logs/main.log
2019-09-11 15:45:36,918 - [logs/main.log:16]=> logs/main.log
2019-09-11 15:47:09,406 - [logs/main.log:16]=> logs/main.log
2019-09-11 15:47:32,252 - [logs/main.log:16]=> logs/main.log
2019-09-11 15:50:20,399 - [logs/main.log:16]=> logs/main.log
2019-09-11 15:51:27,222 - [logs/main.log:16]=> logs/main.log
2019-09-11 15:52:18,460 - [logs/main.log:16]=> logs/main.log
2019-09-11 15:59:09,063 - [logs/main.log:16]=> logs/main.log
2019-09-11 16:00:24,108 - [logs/main.log:16]=> logs/main.log
2019-09-11 16:01:39,151 - [logs/main.log:16]=> logs/main.log
2019-09-11 16:03:24,235 - [logs/main.log:16]=> logs/main.log
2019-09-11 16:04:28,704 - [logs/main.log:16]=> logs/main.log
2019-09-11 16:06:01,321 - [logs/main.log:16]=> logs/main.log
2019-09-11 16:06:17,161 - [logs/main.log:16]=> logs/main.log
2019-09-11 16:07:42,366 - [logs/main.log:16]=> logs/main.log
2019-09-11 16:08:01,780 - [logs/main.log:16]=> logs/main.log
2019-09-11 16:12:39,747 - [logs/main.log:16]=> logs/main.log
2019-09-11 16:13:07,639 - [logs/main.log:16]=> logs/main.log
2019-09-11 16:14:29,394 - [logs/main.log:16]=> logs/main.log
2019-09-11 16:15:33,380 - [logs/main.log:16]=> logs/main.log
2019-09-11 16:16:49,088 - [logs/main.log:16]=> logs/main.log
2019-09-11 16:18:01,424 - [logs/main.log:16]=> logs/main.log
2019-09-11 16:18:29,798 - [logs/main.log:16]=> logs/main.log
2019-09-11 16:20:10,517 - [logs/main.log:16]=> logs/main.log
2019-09-11 16:20:25,564 - [logs/main.log:16]=> logs/main.log
2019-09-11 16:25:42,316 - [logs/main.log:16]=> logs/main.log
2019-09-11 16:25:58,749 - [logs/main.log:16]=> logs/main.log
2019-09-11 16:26:43,037 - [logs/main.log:16]=> logs/main.log
2019-09-11 16:29:05,126 - [logs/main.log:16]=> logs/main.log
2019-09-11 16:30:36,612 - [logs/main.log:16]=> logs/main.log
2019-09-11 16:34:05,417 - [logs/main.log:16]=> logs/main.log
2019-09-11 16:35:10,075 - [logs/main.log:16]=> logs/main.log
2019-09-11 16:36:52,394 - [logs/main.log:16]=> logs/main.log
2019-09-11 16:37:06,293 - [logs/main.log:16]=> logs/main.log
2019-09-11 16:40:08,888 - [logs/main.log:16]=> logs/main.log
2019-09-11 16:40:32,110 - [logs/main.log:16]=> logs/main.log
2019-09-11 16:41:11,474 - [logs/main.log:16]=> logs/main.log
2019-09-11 16:41:33,877 - [logs/main.log:16]=> logs/main.log
2019-09-11 16:42:15,545 - [logs/main.log:16]=> logs/main.log
2019-09-11 16:43:06,872 - [logs/main.log:16]=> logs/main.log
2019-09-11 16:44:09,571 - [logs/main.log:16]=> logs/main.log
2019-09-11 16:44:24,027 - [logs/main.log:16]=> logs/main.log
2019-09-11 16:45:54,021 - [logs/main.log:16]=> logs/main.log
2019-09-11 16:46:13,243 - [logs/main.log:16]=> logs/main.log
2019-09-11 16:47:09,209 - [logs/main.log:16]=> logs/main.log
2019-09-11 16:47:55,188 - [logs/main.log:16]=> logs/main.log
2019-09-11 16:50:01,925 - [logs/main.log:16]=> logs/main.log
2019-09-11 16:51:44,929 - [logs/main.log:16]=> logs/main.log
2019-09-11 16:53:43,454 - [logs/main.log:16]=> logs/main.log
2019-09-11 16:54:01,778 - [logs/main.log:16]=> logs/main.log
2019-09-11 16:54:25,635 - [logs/main.log:16]=> logs/main.log
2019-09-11 16:55:17,787 - [logs/main.log:16]=> logs/main.log
2019-09-11 16:55:50,559 - [logs/main.log:16]=> logs/main.log
2019-09-11 16:57:10,067 - [logs/main.log:16]=> logs/main.log
2019-09-11 16:59:39,083 - [logs/main.log:16]=> logs/main.log
2019-09-11 17:00:05,437 - [logs/main.log:16]=> logs/main.log
2019-09-11 17:00:43,319 - [logs/main.log:16]=> logs/main.log
2019-09-11 17:02:31,923 - [logs/main.log:16]=> logs/main.log
2019-09-11 17:02:57,999 - [logs/main.log:16]=> logs/main.log
2019-09-11 17:03:52,797 - [logs/main.log:16]=> logs/main.log
2019-09-11 17:04:22,212 - [logs/main.log:16]=> logs/main.log
2019-09-11 17:05:15,314 - [logs/main.log:16]=> logs/main.log
2019-09-11 17:08:42,144 - [logs/main.log:16]=> logs/main.log
2019-09-11 17:21:53,223 - [logs/main.log:16]=> logs/main.log
2019-09-11 17:22:34,938 - [logs/main.log:16]=> logs/main.log
2019-09-11 17:23:13,408 - [logs/main.log:16]=> logs/main.log
2019-09-11 18:08:22,679 - [logs/main.log:16]=> logs/main.log
2019-09-11 19:12:47,570 - [logs/main.log:16]=> logs/main.log
2019-09-11 19:13:39,947 - [logs/main.log:16]=> logs/main.log
2019-09-11 19:17:38,712 - [logs/main.log:16]=> logs/main.log
2019-09-11 19:18:27,870 - [logs/main.log:16]=> logs/main.log
2019-09-11 19:19:58,164 - [logs/main.log:16]=> logs/main.log
2019-09-11 19:21:03,945 - [logs/main.log:16]=> logs/main.log
2019-09-11 19:22:15,152 - [logs/main.log:16]=> logs/main.log
2019-09-11 19:42:45,287 - [logs/main.log:16]=> logs/main.log
2019-09-11 19:45:25,770 - [logs/main.log:16]=> logs/main.log
2019-09-11 19:47:20,660 - [logs/main.log:16]=> logs/main.log
2019-09-11 19:49:32,472 - [logs/main.log:16]=> logs/main.log
2019-09-11 19:51:12,315 - [logs/main.log:16]=> logs/main.log
2019-09-11 19:51:53,322 - [logs/main.log:16]=> logs/main.log
2019-09-11 19:53:29,483 - [logs/main.log:16]=> logs/main.log
2019-09-11 19:58:36,862 - [logs/main.log:16]=> logs/main.log
2019-09-11 19:59:04,244 - [logs/main.log:16]=> logs/main.log
2019-09-11 19:59:32,532 - [logs/main.log:16]=> logs/main.log
2019-09-11 20:03:15,951 - [logs/main.log:16]=> logs/main.log
2019-09-11 20:03:37,951 - [logs/main.log:16]=> logs/main.log
2019-09-11 20:05:45,084 - [logs/main.log:16]=> logs/main.log
2019-09-11 20:09:29,088 - [logs/main.log:16]=> logs/main.log
2019-09-11 20:11:08,665 - [logs/main.log:16]=> logs/main.log
2019-09-11 20:14:12,762 - [logs/main.log:16]=> logs/main.log
2019-09-11 20:37:13,193 - [logs/main.log:16]=> logs/main.log
2019-09-11 22:26:52,129 - [logs/main.log:16]=> logs/main.log
2019-09-11 22:28:46,579 - [logs/main.log:16]=> logs/main.log
2019-09-11 22:29:50,435 - [logs/main.log:16]=> logs/main.log
2019-09-11 22:55:38,304 - [logs/main.log:16]=> logs/main.log
2019-09-11 23:14:46,061 - [logs/main.log:16]=> logs/main.log
2019-09-11 23:16:55,848 - [logs/main.log:16]=> logs/main.log
2019-09-11 23:18:06,226 - [logs/main.log:16]=> logs/main.log
2019-09-11 23:18:27,810 - [logs/main.log:16]=> logs/main.log
2019-09-11 23:19:15,342 - [logs/main.log:16]=> logs/main.log
2019-09-11 23:20:24,525 - [logs/main.log:16]=> logs/main.log
2019-09-11 23:21:25,399 - [logs/main.log:16]=> logs/main.log
2019-09-24 13:03:48,058 - [logs/main.log:16]=> logs/main.log
2019-09-24 13:11:20,656 - [logs/main.log:16]=> logs/main.log
2019-09-24 13:17:02,657 - [logs/main.log:16]=> logs/main.log
2019-09-24 13:18:47,275 - [logs/main.log:16]=> logs/main.log
2019-09-25 09:45:43,964 - [logs/main.log:16]=> logs/main.log
2019-09-25 09:47:07,234 - [logs/main.log:16]=> logs/main.log
2019-09-25 13:37:35,596 - [logs/main.log:16]=> logs/main.log
2019-09-25 14:07:17,753 - [logs/main.log:16]=> logs/main.log
2019-09-25 14:09:30,058 - [logs/main.log:16]=> logs/main.log
2019-09-25 14:13:40,245 - [logs/main.log:16]=> logs/main.log
2019-09-25 14:18:02,380 - [logs/main.log:16]=> logs/main.log
2019-09-25 14:19:03,375 - [logs/main.log:16]=> logs/main.log
2019-09-25 14:20:06,531 - [logs/main.log:16]=> logs/main.log
2019-09-25 14:21:00,092 - [logs/main.log:16]=> logs/main.log
2019-09-25 14:22:54,852 - [logs/main.log:16]=> logs/main.log
2019-09-25 14:27:32,255 - [logs/main.log:16]=> logs/main.log
2019-09-25 14:29:56,211 - [logs/main.log:16]=> logs/main.log
2019-09-25 14:31:11,732 - [logs/main.log:16]=> logs/main.log
2019-09-25 14:34:09,689 - [logs/main.log:16]=> logs/main.log
2019-09-25 14:34:41,765 - [logs/main.log:16]=> logs/main.log
2019-09-25 14:37:06,430 - [logs/main.log:16]=> logs/main.log
2019-09-25 14:37:53,752 - [logs/main.log:16]=> logs/main.log
2019-09-25 14:39:46,706 - [logs/main.log:16]=> logs/main.log
2019-09-25 14:41:26,211 - [logs/main.log:16]=> logs/main.log
2019-09-25 14:45:20,253 - [logs/main.log:16]=> logs/main.log
2019-09-25 14:53:58,551 - [logs/main.log:16]=> logs/main.log
2019-09-25 14:55:39,914 - [logs/main.log:16]=> logs/main.log
2019-09-25 15:03:45,339 - [logs/main.log:16]=> logs/main.log
2019-09-25 15:05:55,797 - [logs/main.log:16]=> logs/main.log
2019-09-25 15:06:46,946 - [logs/main.log:16]=> logs/main.log
2019-09-25 15:07:28,587 - [logs/main.log:16]=> logs/main.log
2019-09-25 15:07:38,400 - [logs/main.log:16]=> logs/main.log
2019-09-25 15:11:30,210 - [logs/main.log:16]=> logs/main.log
2019-09-25 15:13:03,730 - [logs/main.log:16]=> logs/main.log
2019-09-25 15:15:29,109 - [logs/main.log:16]=> logs/main.log
2019-09-25 15:16:19,500 - [logs/main.log:16]=> logs/main.log
2019-09-25 15:16:39,067 - [logs/main.log:16]=> logs/main.log
2019-09-25 15:22:42,491 - [logs/main.log:16]=> logs/main.log
2019-09-25 15:23:07,950 - [logs/main.log:16]=> logs/main.log
2019-09-25 15:37:08,587 - [logs/main.log:16]=> logs/main.log
2019-09-25 16:23:46,961 - [logs/main.log:16]=> logs/main.log
2019-09-25 16:25:13,275 - [logs/main.log:16]=> logs/main.log
2019-09-25 16:26:55,672 - [logs/main.log:16]=> logs/main.log
2019-09-25 16:27:19,764 - [logs/main.log:16]=> logs/main.log
2019-09-25 16:27:40,835 - [logs/main.log:16]=> logs/main.log
2019-09-25 16:33:57,899 - [logs/main.log:16]=> logs/main.log
2019-09-25 16:34:21,608 - [logs/main.log:16]=> logs/main.log
2019-09-25 16:34:56,006 - [logs/main.log:16]=> logs/main.log
2019-09-25 16:35:44,518 - [logs/main.log:16]=> logs/main.log
2019-09-25 16:36:31,120 - [logs/main.log:16]=> logs/main.log
2019-09-25 16:37:14,881 - [logs/main.log:16]=> logs/main.log
2019-09-25 16:43:20,294 - [logs/main.log:16]=> logs/main.log
2019-09-25 16:54:35,817 - [logs/main.log:16]=> logs/main.log
2019-09-25 16:54:48,926 - [logs/main.log:16]=> logs/main.log
2019-09-25 16:55:59,979 - [logs/main.log:16]=> logs/main.log
2019-09-25 16:57:22,993 - [logs/main.log:16]=> logs/main.log
2019-09-25 16:58:17,735 - [logs/main.log:16]=> logs/main.log
2019-09-25 16:58:57,259 - [logs/main.log:16]=> logs/main.log
2019-09-25 16:59:33,269 - [logs/main.log:16]=> logs/main.log
2019-09-25 17:00:33,779 - [logs/main.log:16]=> logs/main.log
2019-09-25 17:02:22,244 - [logs/main.log:16]=> logs/main.log
2019-09-25 17:03:14,305 - [logs/main.log:16]=> logs/main.log
2019-09-25 17:04:28,113 - [logs/main.log:16]=> logs/main.log
2019-09-25 17:06:00,898 - [logs/main.log:16]=> logs/main.log
2019-10-11 10:34:01,555 - [logs/main.log:16]=> logs/main.log
2019-10-11 10:47:44,372 - [logs/main.log:16]=> logs/main.log
2019-10-11 10:47:44,373 - [logs/main.log:185]=> WEBSERVER LAUNCH:
Traceback (most recent call last):
  File "main.py", line 180, in launch_server
    session_ids='signed',relative_urls=False)
  File "/home/andre/anaconda3/envs/amdattds/lib/python3.7/site-packages/bokeh/server/server.py", line 363, in __init__
    opts = _ServerOpts(kwargs)
  File "/home/andre/anaconda3/envs/amdattds/lib/python3.7/site-packages/bokeh/util/options.py", line 76, in __init__
    super(Options, self).__init__(**props)
  File "/home/andre/anaconda3/envs/amdattds/lib/python3.7/site-packages/bokeh/core/has_props.py", line 253, in __init__
    setattr(self, name, value)
  File "/home/andre/anaconda3/envs/amdattds/lib/python3.7/site-packages/bokeh/core/has_props.py", line 280, in __setattr__
    super(HasProps, self).__setattr__(name, value)
  File "/home/andre/anaconda3/envs/amdattds/lib/python3.7/site-packages/bokeh/core/property/descriptors.py", line 545, in __set__
    self._internal_set(obj, value, setter=setter)
  File "/home/andre/anaconda3/envs/amdattds/lib/python3.7/site-packages/bokeh/core/property/descriptors.py", line 766, in _internal_set
    value = self.property.prepare_value(obj, self.name, value)
  File "/home/andre/anaconda3/envs/amdattds/lib/python3.7/site-packages/bokeh/core/property/bases.py", line 327, in prepare_value
    raise e
  File "/home/andre/anaconda3/envs/amdattds/lib/python3.7/site-packages/bokeh/core/property/bases.py", line 320, in prepare_value
    self.validate(value)
  File "/home/andre/anaconda3/envs/amdattds/lib/python3.7/site-packages/bokeh/core/property/container.py", line 93, in validate
    raise ValueError(msg)
ValueError: expected an element of List(String), got '127.0.0.1:5006'
2019-10-11 10:53:09,664 - [logs/main.log:16]=> logs/main.log
2019-10-11 10:53:09,665 - [logs/main.log:185]=> WEBSERVER LAUNCH:
Traceback (most recent call last):
  File "main.py", line 180, in launch_server
    session_ids='signed',relative_urls=False)
  File "/home/andre/anaconda3/envs/amdattds/lib/python3.7/site-packages/bokeh/server/server.py", line 363, in __init__
    opts = _ServerOpts(kwargs)
  File "/home/andre/anaconda3/envs/amdattds/lib/python3.7/site-packages/bokeh/util/options.py", line 76, in __init__
    super(Options, self).__init__(**props)
  File "/home/andre/anaconda3/envs/amdattds/lib/python3.7/site-packages/bokeh/core/has_props.py", line 253, in __init__
    setattr(self, name, value)
  File "/home/andre/anaconda3/envs/amdattds/lib/python3.7/site-packages/bokeh/core/has_props.py", line 280, in __setattr__
    super(HasProps, self).__setattr__(name, value)
  File "/home/andre/anaconda3/envs/amdattds/lib/python3.7/site-packages/bokeh/core/property/descriptors.py", line 545, in __set__
    self._internal_set(obj, value, setter=setter)
  File "/home/andre/anaconda3/envs/amdattds/lib/python3.7/site-packages/bokeh/core/property/descriptors.py", line 766, in _internal_set
    value = self.property.prepare_value(obj, self.name, value)
  File "/home/andre/anaconda3/envs/amdattds/lib/python3.7/site-packages/bokeh/core/property/bases.py", line 327, in prepare_value
    raise e
  File "/home/andre/anaconda3/envs/amdattds/lib/python3.7/site-packages/bokeh/core/property/bases.py", line 320, in prepare_value
    self.validate(value)
  File "/home/andre/anaconda3/envs/amdattds/lib/python3.7/site-packages/bokeh/core/property/container.py", line 93, in validate
    raise ValueError(msg)
ValueError: expected an element of List(String), got '127.0.0.1:5006'
2019-10-11 10:54:33,503 - [logs/main.log:16]=> logs/main.log
2019-10-11 10:54:33,504 - [logs/main.log:185]=> WEBSERVER LAUNCH:
Traceback (most recent call last):
  File "main.py", line 180, in launch_server
    session_ids='signed',relative_urls=False)
  File "/home/andre/anaconda3/envs/amdattds/lib/python3.7/site-packages/bokeh/server/server.py", line 363, in __init__
    opts = _ServerOpts(kwargs)
  File "/home/andre/anaconda3/envs/amdattds/lib/python3.7/site-packages/bokeh/util/options.py", line 76, in __init__
    super(Options, self).__init__(**props)
  File "/home/andre/anaconda3/envs/amdattds/lib/python3.7/site-packages/bokeh/core/has_props.py", line 253, in __init__
    setattr(self, name, value)
  File "/home/andre/anaconda3/envs/amdattds/lib/python3.7/site-packages/bokeh/core/has_props.py", line 280, in __setattr__
    super(HasProps, self).__setattr__(name, value)
  File "/home/andre/anaconda3/envs/amdattds/lib/python3.7/site-packages/bokeh/core/property/descriptors.py", line 545, in __set__
    self._internal_set(obj, value, setter=setter)
  File "/home/andre/anaconda3/envs/amdattds/lib/python3.7/site-packages/bokeh/core/property/descriptors.py", line 766, in _internal_set
    value = self.property.prepare_value(obj, self.name, value)
  File "/home/andre/anaconda3/envs/amdattds/lib/python3.7/site-packages/bokeh/core/property/bases.py", line 327, in prepare_value
    raise e
  File "/home/andre/anaconda3/envs/amdattds/lib/python3.7/site-packages/bokeh/core/property/bases.py", line 320, in prepare_value
    self.validate(value)
  File "/home/andre/anaconda3/envs/amdattds/lib/python3.7/site-packages/bokeh/core/property/container.py", line 93, in validate
    raise ValueError(msg)
ValueError: expected an element of List(String), got 'localhost:5006'
2019-10-11 10:58:19,386 - [logs/main.log:16]=> logs/main.log
2019-10-11 10:58:19,387 - [logs/main.log:185]=> WEBSERVER LAUNCH:
Traceback (most recent call last):
  File "main.py", line 180, in launch_server
    session_ids='signed',relative_urls=False)
  File "/home/andre/anaconda3/envs/amdattds/lib/python3.7/site-packages/bokeh/server/server.py", line 363, in __init__
    opts = _ServerOpts(kwargs)
  File "/home/andre/anaconda3/envs/amdattds/lib/python3.7/site-packages/bokeh/util/options.py", line 76, in __init__
    super(Options, self).__init__(**props)
  File "/home/andre/anaconda3/envs/amdattds/lib/python3.7/site-packages/bokeh/core/has_props.py", line 253, in __init__
    setattr(self, name, value)
  File "/home/andre/anaconda3/envs/amdattds/lib/python3.7/site-packages/bokeh/core/has_props.py", line 280, in __setattr__
    super(HasProps, self).__setattr__(name, value)
  File "/home/andre/anaconda3/envs/amdattds/lib/python3.7/site-packages/bokeh/core/property/descriptors.py", line 545, in __set__
    self._internal_set(obj, value, setter=setter)
  File "/home/andre/anaconda3/envs/amdattds/lib/python3.7/site-packages/bokeh/core/property/descriptors.py", line 766, in _internal_set
    value = self.property.prepare_value(obj, self.name, value)
  File "/home/andre/anaconda3/envs/amdattds/lib/python3.7/site-packages/bokeh/core/property/bases.py", line 327, in prepare_value
    raise e
  File "/home/andre/anaconda3/envs/amdattds/lib/python3.7/site-packages/bokeh/core/property/bases.py", line 320, in prepare_value
    self.validate(value)
  File "/home/andre/anaconda3/envs/amdattds/lib/python3.7/site-packages/bokeh/core/property/container.py", line 93, in validate
    raise ValueError(msg)
ValueError: expected an element of List(String), got 'localhost'
2019-10-11 10:58:37,037 - [logs/main.log:16]=> logs/main.log
2019-10-11 10:58:58,206 - [logs/main.log:16]=> logs/main.log
2019-10-11 11:01:13,565 - [logs/main.log:16]=> logs/main.log
2019-10-11 11:08:03,819 - [logs/main.log:16]=> logs/main.log
2019-10-11 11:15:01,886 - [logs/main.log:16]=> logs/main.log
2019-10-11 11:15:01,887 - [logs/main.log:187]=> WEBSERVER LAUNCH:
Traceback (most recent call last):
  File "main.py", line 180, in launch_server
    websocket_origin = f"{credentials[origin]['websocket']}:5006"
KeyError: 'localhost'
2019-10-11 11:15:36,394 - [logs/main.log:16]=> logs/main.log
2019-10-11 11:15:36,395 - [logs/main.log:187]=> WEBSERVER LAUNCH:
Traceback (most recent call last):
  File "main.py", line 180, in launch_server
    websocket_origin = f"{credentials[origin]['websocket']}:5006"
KeyError: 'localhost'
2019-10-11 11:16:50,389 - [logs/main.log:16]=> logs/main.log
2019-10-11 11:16:50,390 - [logs/main.log:188]=> WEBSERVER LAUNCH:
Traceback (most recent call last):
  File "main.py", line 180, in launch_server
    websocket_origin = f"{credentials[origin]['websocket']}:5006"
KeyError: 'localhost'
2019-10-11 11:17:13,983 - [logs/main.log:16]=> logs/main.log
2019-10-11 11:17:45,618 - [logs/main.log:16]=> logs/main.log
2019-10-11 11:18:20,109 - [logs/main.log:16]=> logs/main.log
2019-10-11 11:21:40,710 - [logs/main.log:16]=> logs/main.log
2019-10-11 11:24:53,865 - [logs/main.log:16]=> logs/main.log
2019-10-11 11:26:07,928 - [logs/main.log:16]=> logs/main.log
2019-10-11 11:56:32,248 - [logs/main.log:16]=> logs/main.log
2019-10-11 11:59:15,871 - [logs/main.log:16]=> logs/main.log
2019-10-11 12:01:35,226 - [logs/main.log:16]=> logs/main.log
2019-10-11 12:01:52,898 - [logs/main.log:16]=> logs/main.log
2019-10-11 12:02:39,313 - [logs/main.log:16]=> logs/main.log
2019-10-11 12:07:05,717 - [logs/main.log:16]=> logs/main.log
2019-10-11 12:15:30,915 - [logs/main.log:16]=> logs/main.log
2019-10-11 12:21:17,321 - [logs/main.log:16]=> logs/main.log
2019-10-11 12:23:39,738 - [logs/main.log:16]=> logs/main.log
2019-10-11 12:25:08,513 - [logs/main.log:16]=> logs/main.log
2019-10-11 12:26:32,639 - [logs/main.log:16]=> logs/main.log
2019-10-11 12:27:28,513 - [logs/main.log:16]=> logs/main.log
2019-10-11 12:31:15,514 - [logs/main.log:16]=> logs/main.log
2019-10-11 12:33:11,503 - [logs/main.log:16]=> logs/main.log
2019-10-11 12:39:56,952 - [logs/main.log:16]=> logs/main.log
2019-10-11 12:40:25,550 - [logs/main.log:16]=> logs/main.log
2019-10-11 12:43:02,050 - [logs/main.log:16]=> logs/main.log
2019-10-11 12:44:12,172 - [logs/main.log:16]=> logs/main.log
2019-10-11 12:45:23,441 - [logs/main.log:16]=> logs/main.log
2019-10-11 12:53:22,189 - [logs/main.log:16]=> logs/main.log
2019-10-11 12:56:28,303 - [logs/main.log:16]=> logs/main.log
2019-10-11 12:57:06,720 - [logs/main.log:16]=> logs/main.log
2019-10-11 13:00:30,930 - [logs/main.log:16]=> logs/main.log
2019-10-11 13:00:48,483 - [logs/main.log:16]=> logs/main.log
2019-10-11 13:11:46,876 - [logs/main.log:16]=> logs/main.log
2019-10-11 13:12:40,599 - [logs/main.log:16]=> logs/main.log
2019-10-11 13:14:15,411 - [logs/main.log:16]=> logs/main.log
2019-10-11 13:15:41,130 - [logs/main.log:16]=> logs/main.log
2019-10-11 13:18:35,473 - [logs/main.log:16]=> logs/main.log
2019-10-11 13:20:08,536 - [logs/main.log:16]=> logs/main.log
2019-10-11 13:21:17,433 - [logs/main.log:16]=> logs/main.log
2019-10-11 13:26:37,749 - [logs/main.log:16]=> logs/main.log
2019-10-11 13:28:26,437 - [logs/main.log:16]=> logs/main.log
2019-10-11 13:31:19,516 - [logs/main.log:16]=> logs/main.log
2019-10-11 13:33:46,461 - [logs/main.log:16]=> logs/main.log
2019-10-11 13:35:24,110 - [logs/main.log:16]=> logs/main.log
2019-10-11 13:35:24,112 - [logs/main.log:188]=> WEBSERVER LAUNCH:
Traceback (most recent call last):
  File "main.py", line 183, in launch_server
    session_ids='signed',relative_urls=False)
  File "/home/andre/anaconda3/envs/amdattds/lib/python3.7/site-packages/bokeh/server/server.py", line 386, in __init__
    sockets, self._port = bind_sockets(self.address, self.port)
  File "/home/andre/anaconda3/envs/amdattds/lib/python3.7/site-packages/bokeh/server/util.py", line 66, in bind_sockets
    ss = netutil.bind_sockets(port=port or 0, address=address)
  File "/home/andre/anaconda3/envs/amdattds/lib/python3.7/site-packages/tornado/netutil.py", line 174, in bind_sockets
    sock.bind(sockaddr)
OSError: [Errno 98] Address already in use
2019-10-11 13:35:35,280 - [logs/main.log:16]=> logs/main.log
2019-10-11 13:35:35,282 - [logs/main.log:188]=> WEBSERVER LAUNCH:
Traceback (most recent call last):
  File "main.py", line 183, in launch_server
    session_ids='signed',relative_urls=False)
  File "/home/andre/anaconda3/envs/amdattds/lib/python3.7/site-packages/bokeh/server/server.py", line 386, in __init__
    sockets, self._port = bind_sockets(self.address, self.port)
  File "/home/andre/anaconda3/envs/amdattds/lib/python3.7/site-packages/bokeh/server/util.py", line 66, in bind_sockets
    ss = netutil.bind_sockets(port=port or 0, address=address)
  File "/home/andre/anaconda3/envs/amdattds/lib/python3.7/site-packages/tornado/netutil.py", line 174, in bind_sockets
    sock.bind(sockaddr)
OSError: [Errno 98] Address already in use
