2019-09-25 15:15:29,109 - [logs/search.log:16]=> logs/search.log
2019-09-25 15:15:31,103 - [logs/search.log:190]=> CREDENTIALS LOADED
2019-09-25 15:15:31,103 - [logs/search.log:211]=> QUERY CONSTRUCTED:q=beiber&count=100&result_type=recent
2019-09-25 15:15:31,766 - [logs/search.log:228]=> # of results retreived:100
2019-09-25 15:15:31,766 - [logs/search.log:240]=> start:end= 1569438931.765978:  1569398931.765978
2019-09-25 15:15:31,783 - [logs/search.log:265]=> df:, length=100,            message_ID human_readable_creation_date  creation_date  ... user_creation_date        user_name  user_screen_name
0  1176936620504813570          2019-09-25 19:08:51   1.569439e+09  ...       1.553650e+09               ‏ً      flatlinetear
1  1176929918606827520          2019-09-25 18:42:13   1.569437e+09  ...       1.250523e+09  DempseyBlade ⚔️      dempseyblade
2  1176929697051140099          2019-09-25 18:41:20   1.569437e+09  ...       1.327502e+09    ThatGuyDarrin      DarrinMercer
3  1176929657276395520          2019-09-25 18:41:11   1.569437e+09  ...       1.273887e+09           Daniel    Beiber_chippez
4  1176928966277353473          2019-09-25 18:38:26   1.569437e+09  ...       1.326525e+09     don't follow      red_dyvelvet

[5 rows x 8 columns]
2019-09-25 15:15:32,012 - [logs/search.log:301]=> resample period:300S
2019-09-25 15:15:32,020 - [logs/search.log:308]=> LINE 307, df:   human_readable_creation_date       pos       neg       neu
0           2019-09-25 11:45:00  0.240000  0.000000  0.760000
1           2019-09-25 11:50:00  0.000000  0.000000  0.000000
2           2019-09-25 11:55:00  0.120000  0.030000  0.850000
3           2019-09-25 12:00:00  0.000000  0.000000  0.000000
4           2019-09-25 12:05:00  0.000000  0.000000  0.000000
5           2019-09-25 12:10:00  0.000000  0.000000  0.000000
6           2019-09-25 12:15:00  0.000000  0.000000  1.000000
7           2019-09-25 12:20:00  0.075000  0.000000  0.925000
8           2019-09-25 12:25:00  0.000000  0.000000  0.000000
9           2019-09-25 12:30:00  0.000000  0.000000  1.000000
10          2019-09-25 12:35:00  0.000000  0.000000  1.000000
11          2019-09-25 12:40:00  0.000000  0.000000  1.000000
12          2019-09-25 12:45:00  0.072000  0.028000  0.900000
13          2019-09-25 12:50:00  0.000000  0.000000  1.000000
14          2019-09-25 12:55:00  0.045000  0.000000  0.955000
15          2019-09-25 13:00:00  0.000000  0.000000  0.000000
16          2019-09-25 13:05:00  0.000000  0.000000  1.000000
17          2019-09-25 13:10:00  0.160000  0.260000  0.580000
18          2019-09-25 13:15:00  0.015714  0.011429  0.972857
19          2019-09-25 13:20:00  0.175000  0.045000  0.785000
20          2019-09-25 13:25:00  0.125000  0.000000  0.875000
21          2019-09-25 13:30:00  0.000000  0.000000  1.000000
22          2019-09-25 13:35:00  0.126667  0.000000  0.873333
23          2019-09-25 13:40:00  0.125000  0.000000  0.875000
24          2019-09-25 13:45:00  0.000000  0.000000  0.000000
25          2019-09-25 13:50:00  0.118571  0.022857  0.858571
26          2019-09-25 13:55:00  0.220000  0.000000  0.780000
27          2019-09-25 14:00:00  0.000000  0.150000  0.850000
28          2019-09-25 14:05:00  0.000000  0.280000  0.720000
29          2019-09-25 14:10:00  0.000000  0.000000  0.000000
2019-09-25 15:16:19,500 - [logs/search.log:16]=> logs/search.log
2019-09-25 15:16:21,352 - [logs/search.log:190]=> CREDENTIALS LOADED
2019-09-25 15:16:21,352 - [logs/search.log:211]=> QUERY CONSTRUCTED:q=beiber&count=100&result_type=recent
2019-09-25 15:16:21,980 - [logs/search.log:228]=> # of results retreived:100
2019-09-25 15:16:21,981 - [logs/search.log:240]=> start:end= 1569438981.980305:  1569398981.980305
2019-09-25 15:16:21,998 - [logs/search.log:265]=> df:, length=100,            message_ID human_readable_creation_date  creation_date  ... user_creation_date        user_name  user_screen_name
0  1176936620504813570          2019-09-25 19:08:51   1.569439e+09  ...       1.553650e+09               ‏ً      flatlinetear
1  1176929918606827520          2019-09-25 18:42:13   1.569437e+09  ...       1.250523e+09  DempseyBlade ⚔️      dempseyblade
2  1176929697051140099          2019-09-25 18:41:20   1.569437e+09  ...       1.327502e+09    ThatGuyDarrin      DarrinMercer
3  1176929657276395520          2019-09-25 18:41:11   1.569437e+09  ...       1.273887e+09           Daniel    Beiber_chippez
4  1176928966277353473          2019-09-25 18:38:26   1.569437e+09  ...       1.326525e+09     don't follow      red_dyvelvet

[5 rows x 8 columns]
2019-09-25 15:16:22,171 - [logs/search.log:473]=> Twitter loader:
Traceback (most recent call last):
  File "/home/andre/Dropbox/workspace/amdattds/twitter_search/scripts/dashboards/twitter/search.py", line 404, in twitter_loader_tab
    hv_sentiment_analysis = hv.DynamicMap(thistab.sentiment_analysis, streams=[stream_launch_sentiment])
  File "/home/andre/anaconda3/envs/amdattds/lib/python3.7/site-packages/holoviews/core/spaces.py", line 935, in __init__
    raise TypeError(msg.format(objs = ', '.join('%r' % el for el in invalid)))
TypeError: The supplied streams list contains objects that are not Stream instances: <class 'holoviews.streams.Launch'>
2019-09-25 15:16:39,067 - [logs/search.log:16]=> logs/search.log
2019-09-25 15:16:44,311 - [logs/search.log:190]=> CREDENTIALS LOADED
2019-09-25 15:16:44,311 - [logs/search.log:211]=> QUERY CONSTRUCTED:q=beiber&count=100&result_type=recent
2019-09-25 15:16:45,071 - [logs/search.log:228]=> # of results retreived:100
2019-09-25 15:16:45,071 - [logs/search.log:240]=> start:end= 1569439005.071393:  1569399005.071393
2019-09-25 15:16:45,084 - [logs/search.log:265]=> df:, length=100,            message_ID human_readable_creation_date  creation_date  ... user_creation_date        user_name  user_screen_name
0  1176936620504813570          2019-09-25 19:08:51   1.569439e+09  ...       1.553650e+09               ‏ً      flatlinetear
1  1176929918606827520          2019-09-25 18:42:13   1.569437e+09  ...       1.250523e+09  DempseyBlade ⚔️      dempseyblade
2  1176929697051140099          2019-09-25 18:41:20   1.569437e+09  ...       1.327502e+09    ThatGuyDarrin      DarrinMercer
3  1176929657276395520          2019-09-25 18:41:11   1.569437e+09  ...       1.273887e+09           Daniel    Beiber_chippez
4  1176928966277353473          2019-09-25 18:38:26   1.569437e+09  ...       1.326525e+09     don't follow      red_dyvelvet

[5 rows x 8 columns]
2019-09-25 15:16:45,238 - [logs/search.log:301]=> resample period:300S
2019-09-25 15:16:45,245 - [logs/search.log:308]=> LINE 307, df:   human_readable_creation_date       pos       neg       neu
0           2019-09-25 11:45:00  0.240000  0.000000  0.760000
1           2019-09-25 11:50:00  0.000000  0.000000  0.000000
2           2019-09-25 11:55:00  0.120000  0.030000  0.850000
3           2019-09-25 12:00:00  0.000000  0.000000  0.000000
4           2019-09-25 12:05:00  0.000000  0.000000  0.000000
5           2019-09-25 12:10:00  0.000000  0.000000  0.000000
6           2019-09-25 12:15:00  0.000000  0.000000  1.000000
7           2019-09-25 12:20:00  0.075000  0.000000  0.925000
8           2019-09-25 12:25:00  0.000000  0.000000  0.000000
9           2019-09-25 12:30:00  0.000000  0.000000  1.000000
10          2019-09-25 12:35:00  0.000000  0.000000  1.000000
11          2019-09-25 12:40:00  0.000000  0.000000  1.000000
12          2019-09-25 12:45:00  0.072000  0.028000  0.900000
13          2019-09-25 12:50:00  0.000000  0.000000  1.000000
14          2019-09-25 12:55:00  0.045000  0.000000  0.955000
15          2019-09-25 13:00:00  0.000000  0.000000  0.000000
16          2019-09-25 13:05:00  0.000000  0.000000  1.000000
17          2019-09-25 13:10:00  0.160000  0.260000  0.580000
18          2019-09-25 13:15:00  0.015714  0.011429  0.972857
19          2019-09-25 13:20:00  0.175000  0.045000  0.785000
20          2019-09-25 13:25:00  0.125000  0.000000  0.875000
21          2019-09-25 13:30:00  0.000000  0.000000  1.000000
22          2019-09-25 13:35:00  0.126667  0.000000  0.873333
23          2019-09-25 13:40:00  0.125000  0.000000  0.875000
24          2019-09-25 13:45:00  0.000000  0.000000  0.000000
25          2019-09-25 13:50:00  0.118571  0.022857  0.858571
26          2019-09-25 13:55:00  0.220000  0.000000  0.780000
27          2019-09-25 14:00:00  0.000000  0.150000  0.850000
28          2019-09-25 14:05:00  0.000000  0.280000  0.720000
29          2019-09-25 14:10:00  0.000000  0.000000  0.000000
2019-09-25 15:22:42,490 - [logs/search.log:16]=> logs/search.log
2019-09-25 15:22:44,341 - [logs/search.log:190]=> CREDENTIALS LOADED
2019-09-25 15:22:44,342 - [logs/search.log:211]=> QUERY CONSTRUCTED:q=beiber&count=100&result_type=recent
2019-09-25 15:22:45,082 - [logs/search.log:228]=> # of results retreived:100
2019-09-25 15:22:45,083 - [logs/search.log:240]=> start:end= 1569439365.082933:  1569399365.082933
2019-09-25 15:22:45,100 - [logs/search.log:265]=> df:, length=100,            message_ID human_readable_creation_date  creation_date  ... user_creation_date        user_name  user_screen_name
0  1176939031017512961          2019-09-25 19:18:26   1.569439e+09  ...       1.397491e+09           Taylor    TaylorJacksonV
1  1176936620504813570          2019-09-25 19:08:51   1.569439e+09  ...       1.553650e+09               ‏ً      flatlinetear
2  1176929918606827520          2019-09-25 18:42:13   1.569437e+09  ...       1.250523e+09  DempseyBlade ⚔️      dempseyblade
3  1176929697051140099          2019-09-25 18:41:20   1.569437e+09  ...       1.327502e+09    ThatGuyDarrin      DarrinMercer
4  1176929657276395520          2019-09-25 18:41:11   1.569437e+09  ...       1.273887e+09           Daniel    Beiber_chippez

[5 rows x 8 columns]
2019-09-25 15:22:45,243 - [logs/search.log:473]=> Twitter loader:
Traceback (most recent call last):
  File "/home/andre/Dropbox/workspace/amdattds/twitter_search/scripts/dashboards/twitter/search.py", line 404, in twitter_loader_tab
    hv_sentiment_analysis = hv.DynamicMap(thistab.sentiment_analysis, streams=[stream_launch_sentiment])
NameError: name 'stream_launch_sentiment' is not defined
2019-09-25 15:23:07,950 - [logs/search.log:16]=> logs/search.log
2019-09-25 15:23:10,881 - [logs/search.log:190]=> CREDENTIALS LOADED
2019-09-25 15:23:10,881 - [logs/search.log:211]=> QUERY CONSTRUCTED:q=beiber&count=100&result_type=recent
2019-09-25 15:23:11,551 - [logs/search.log:228]=> # of results retreived:100
2019-09-25 15:23:11,552 - [logs/search.log:240]=> start:end= 1569439391.551673:  1569399391.551673
2019-09-25 15:23:11,564 - [logs/search.log:265]=> df:, length=100,            message_ID human_readable_creation_date  creation_date  ... user_creation_date        user_name  user_screen_name
0  1176939031017512961          2019-09-25 19:18:26   1.569439e+09  ...       1.397491e+09           Taylor    TaylorJacksonV
1  1176936620504813570          2019-09-25 19:08:51   1.569439e+09  ...       1.553650e+09               ‏ً      flatlinetear
2  1176929918606827520          2019-09-25 18:42:13   1.569437e+09  ...       1.250523e+09  DempseyBlade ⚔️      dempseyblade
3  1176929697051140099          2019-09-25 18:41:20   1.569437e+09  ...       1.327502e+09    ThatGuyDarrin      DarrinMercer
4  1176929657276395520          2019-09-25 18:41:11   1.569437e+09  ...       1.273887e+09           Daniel    Beiber_chippez

[5 rows x 8 columns]
2019-09-25 15:23:11,753 - [logs/search.log:301]=> resample period:300S
2019-09-25 15:23:11,762 - [logs/search.log:308]=> LINE 307, df:   human_readable_creation_date       pos       neg       neu
0           2019-09-25 11:55:00  0.120000  0.030000  0.850000
1           2019-09-25 12:00:00  0.000000  0.000000  0.000000
2           2019-09-25 12:05:00  0.000000  0.000000  0.000000
3           2019-09-25 12:10:00  0.000000  0.000000  0.000000
4           2019-09-25 12:15:00  0.000000  0.000000  1.000000
5           2019-09-25 12:20:00  0.075000  0.000000  0.925000
6           2019-09-25 12:25:00  0.000000  0.000000  0.000000
7           2019-09-25 12:30:00  0.000000  0.000000  1.000000
8           2019-09-25 12:35:00  0.000000  0.000000  1.000000
9           2019-09-25 12:40:00  0.000000  0.000000  1.000000
10          2019-09-25 12:45:00  0.072000  0.028000  0.900000
11          2019-09-25 12:50:00  0.000000  0.000000  1.000000
12          2019-09-25 12:55:00  0.045000  0.000000  0.955000
13          2019-09-25 13:00:00  0.000000  0.000000  0.000000
14          2019-09-25 13:05:00  0.000000  0.000000  1.000000
15          2019-09-25 13:10:00  0.160000  0.260000  0.580000
16          2019-09-25 13:15:00  0.015714  0.011429  0.972857
17          2019-09-25 13:20:00  0.175000  0.045000  0.785000
18          2019-09-25 13:25:00  0.125000  0.000000  0.875000
19          2019-09-25 13:30:00  0.000000  0.000000  1.000000
20          2019-09-25 13:35:00  0.126667  0.000000  0.873333
21          2019-09-25 13:40:00  0.125000  0.000000  0.875000
22          2019-09-25 13:45:00  0.000000  0.000000  0.000000
23          2019-09-25 13:50:00  0.118571  0.022857  0.858571
24          2019-09-25 13:55:00  0.220000  0.000000  0.780000
25          2019-09-25 14:00:00  0.000000  0.150000  0.850000
26          2019-09-25 14:05:00  0.000000  0.280000  0.720000
27          2019-09-25 14:10:00  0.000000  0.000000  0.000000
28          2019-09-25 14:15:00  0.000000  0.000000  0.000000
29          2019-09-25 14:20:00  0.000000  0.000000  0.000000
2019-09-25 15:37:08,587 - [logs/search.log:16]=> logs/search.log
2019-09-25 15:37:12,159 - [logs/search.log:190]=> CREDENTIALS LOADED
2019-09-25 15:37:12,159 - [logs/search.log:211]=> QUERY CONSTRUCTED:q=beiber&count=100&result_type=recent
2019-09-25 15:37:12,878 - [logs/search.log:228]=> # of results retreived:100
2019-09-25 15:37:12,879 - [logs/search.log:240]=> start:end= 1569440232.878557:  1569400232.878557
2019-09-25 15:37:12,892 - [logs/search.log:265]=> df:, length=100,            message_ID human_readable_creation_date  creation_date  ... user_creation_date                    user_name  user_screen_name
0  1176943686913052672          2019-09-25 19:36:56   1.569440e+09  ...       1.485063e+09  Overly Opinionated Asshole.       welpwhatido
1  1176943464837210112          2019-09-25 19:36:03   1.569440e+09  ...       1.340544e+09           Lord Abraham Mutai          ItsMutai
2  1176942931736838144          2019-09-25 19:33:56   1.569440e+09  ...       1.458622e+09                    Pan-Pizza      rebeltaxibot
3  1176939031017512961          2019-09-25 19:18:26   1.569439e+09  ...       1.397491e+09                       Taylor    TaylorJacksonV
4  1176936620504813570          2019-09-25 19:08:51   1.569439e+09  ...       1.553650e+09                           ‏ً      flatlinetear

[5 rows x 8 columns]
2019-09-25 15:37:13,051 - [logs/search.log:301]=> resample period:300S
2019-09-25 15:37:13,058 - [logs/search.log:308]=> LINE 307, df:   human_readable_creation_date       pos       neg       neu
0           2019-09-25 12:20:00  0.075000  0.000000  0.925000
1           2019-09-25 12:25:00  0.000000  0.000000  0.000000
2           2019-09-25 12:30:00  0.000000  0.000000  1.000000
3           2019-09-25 12:35:00  0.000000  0.000000  1.000000
4           2019-09-25 12:40:00  0.000000  0.000000  1.000000
5           2019-09-25 12:45:00  0.072000  0.028000  0.900000
6           2019-09-25 12:50:00  0.000000  0.000000  1.000000
7           2019-09-25 12:55:00  0.045000  0.000000  0.955000
8           2019-09-25 13:00:00  0.000000  0.000000  0.000000
9           2019-09-25 13:05:00  0.000000  0.000000  1.000000
10          2019-09-25 13:10:00  0.160000  0.260000  0.580000
11          2019-09-25 13:15:00  0.015714  0.011429  0.972857
12          2019-09-25 13:20:00  0.175000  0.045000  0.785000
13          2019-09-25 13:25:00  0.125000  0.000000  0.875000
14          2019-09-25 13:30:00  0.000000  0.000000  1.000000
15          2019-09-25 13:35:00  0.126667  0.000000  0.873333
16          2019-09-25 13:40:00  0.125000  0.000000  0.875000
17          2019-09-25 13:45:00  0.000000  0.000000  0.000000
18          2019-09-25 13:50:00  0.118571  0.022857  0.858571
19          2019-09-25 13:55:00  0.220000  0.000000  0.780000
20          2019-09-25 14:00:00  0.000000  0.150000  0.850000
21          2019-09-25 14:05:00  0.000000  0.280000  0.720000
22          2019-09-25 14:10:00  0.000000  0.000000  0.000000
23          2019-09-25 14:15:00  0.000000  0.000000  0.000000
24          2019-09-25 14:20:00  0.000000  0.000000  0.000000
25          2019-09-25 14:25:00  0.000000  0.000000  0.000000
26          2019-09-25 14:30:00  0.000000  0.000000  0.000000
27          2019-09-25 14:35:00  0.000000  0.000000  0.000000
28          2019-09-25 14:40:00  0.000000  0.000000  0.000000
29          2019-09-25 14:45:00  0.000000  0.000000  0.000000
2019-09-25 15:37:21,845 - [logs/search.log:301]=> resample period:2300S
2019-09-25 15:37:21,853 - [logs/search.log:308]=> LINE 307, df:   human_readable_creation_date       pos       neg       neu
0           2019-09-25 12:08:20  0.042857  0.000000  0.957143
1           2019-09-25 12:46:40  0.056316  0.030000  0.914211
2           2019-09-25 13:25:00  0.120625  0.010000  0.869375
3           2019-09-25 14:03:20  0.000000  0.215000  0.785000
4           2019-09-25 14:41:40  0.037857  0.015000  0.947143
5           2019-09-25 15:20:00  0.083333  0.045000  0.871667
6           2019-09-25 15:58:20  0.163333  0.073333  0.764444
7           2019-09-25 16:36:40  0.141000  0.052000  0.806000
8           2019-09-25 17:15:00  0.066667  0.153333  0.780000
9           2019-09-25 17:53:20  0.000000  0.102000  0.898000
10          2019-09-25 18:31:40  0.040000  0.140000  0.820000
11          2019-09-25 19:10:00  0.040000  0.132500  0.827500
2019-09-25 16:23:46,961 - [logs/search.log:16]=> logs/search.log
